The target system is: Android - 1 - aarch64
The host system is: Linux - 4.15.0-142-generic - x86_64
Determining if the C compiler works passed with the following output:
Change Dir: /home/mi/workspaces/guide/NeonGaussian/build_android/CMakeFiles/CMakeTmp

Run Build Command:"/usr/bin/make" "cmTC_47668/fast"
/usr/bin/make -f CMakeFiles/cmTC_47668.dir/build.make CMakeFiles/cmTC_47668.dir/build
make[1]: Entering directory '/home/mi/workspaces/guide/NeonGaussian/build_android/CMakeFiles/CMakeTmp'
Building C object CMakeFiles/cmTC_47668.dir/testCCompiler.c.o
/home/mi/tools/android/android-ndk-r19c/toolchains/llvm/prebuilt/linux-x86_64/bin/clang --target=aarch64-none-linux-android23 --gcc-toolchain=/home/mi/tools/android/android-ndk-r19c/toolchains/llvm/prebuilt/linux-x86_64 --sysroot=/home/mi/tools/android/android-ndk-r19c/toolchains/llvm/prebuilt/linux-x86_64/sysroot   -g -DANDROID -fdata-sections -ffunction-sections -funwind-tables -fstack-protector-strong -no-canonical-prefixes -fno-addrsig -Wa,--noexecstack -Wformat -Werror=format-security   -fPIE   -o CMakeFiles/cmTC_47668.dir/testCCompiler.c.o   -c /home/mi/workspaces/guide/NeonGaussian/build_android/CMakeFiles/CMakeTmp/testCCompiler.c
Linking C executable cmTC_47668
/home/mi/tools/cmake-3.12.2-Linux-x86_64/bin/cmake -E cmake_link_script CMakeFiles/cmTC_47668.dir/link.txt --verbose=1
/home/mi/tools/android/android-ndk-r19c/toolchains/llvm/prebuilt/linux-x86_64/bin/clang --target=aarch64-none-linux-android23 --gcc-toolchain=/home/mi/tools/android/android-ndk-r19c/toolchains/llvm/prebuilt/linux-x86_64 --sysroot=/home/mi/tools/android/android-ndk-r19c/toolchains/llvm/prebuilt/linux-x86_64/sysroot -g -DANDROID -fdata-sections -ffunction-sections -funwind-tables -fstack-protector-strong -no-canonical-prefixes -fno-addrsig -Wa,--noexecstack -Wformat -Werror=format-security    -Wl,--exclude-libs,libgcc.a -Wl,--exclude-libs,libatomic.a -static-libstdc++ -Wl,--build-id -Wl,--warn-shared-textrel -Wl,--fatal-warnings -Wl,--no-undefined -Qunused-arguments -Wl,-z,noexecstack -Wl,-z,relro -Wl,-z,now -Wl,--gc-sections   CMakeFiles/cmTC_47668.dir/testCCompiler.c.o  -o cmTC_47668 -latomic -lm 
make[1]: Leaving directory '/home/mi/workspaces/guide/NeonGaussian/build_android/CMakeFiles/CMakeTmp'


Detecting C compiler ABI info compiled with the following output:
Change Dir: /home/mi/workspaces/guide/NeonGaussian/build_android/CMakeFiles/CMakeTmp

Run Build Command:"/usr/bin/make" "cmTC_e01c1/fast"
/usr/bin/make -f CMakeFiles/cmTC_e01c1.dir/build.make CMakeFiles/cmTC_e01c1.dir/build
make[1]: Entering directory '/home/mi/workspaces/guide/NeonGaussian/build_android/CMakeFiles/CMakeTmp'
Building C object CMakeFiles/cmTC_e01c1.dir/CMakeCCompilerABI.c.o
/home/mi/tools/android/android-ndk-r19c/toolchains/llvm/prebuilt/linux-x86_64/bin/clang --target=aarch64-none-linux-android23 --gcc-toolchain=/home/mi/tools/android/android-ndk-r19c/toolchains/llvm/prebuilt/linux-x86_64 --sysroot=/home/mi/tools/android/android-ndk-r19c/toolchains/llvm/prebuilt/linux-x86_64/sysroot   -g -DANDROID -fdata-sections -ffunction-sections -funwind-tables -fstack-protector-strong -no-canonical-prefixes -fno-addrsig -Wa,--noexecstack -Wformat -Werror=format-security   -fPIE   -o CMakeFiles/cmTC_e01c1.dir/CMakeCCompilerABI.c.o   -c /home/mi/tools/cmake-3.12.2-Linux-x86_64/share/cmake-3.12/Modules/CMakeCCompilerABI.c
Linking C executable cmTC_e01c1
/home/mi/tools/cmake-3.12.2-Linux-x86_64/bin/cmake -E cmake_link_script CMakeFiles/cmTC_e01c1.dir/link.txt --verbose=1
/home/mi/tools/android/android-ndk-r19c/toolchains/llvm/prebuilt/linux-x86_64/bin/clang --target=aarch64-none-linux-android23 --gcc-toolchain=/home/mi/tools/android/android-ndk-r19c/toolchains/llvm/prebuilt/linux-x86_64 --sysroot=/home/mi/tools/android/android-ndk-r19c/toolchains/llvm/prebuilt/linux-x86_64/sysroot -g -DANDROID -fdata-sections -ffunction-sections -funwind-tables -fstack-protector-strong -no-canonical-prefixes -fno-addrsig -Wa,--noexecstack -Wformat -Werror=format-security    -Wl,--exclude-libs,libgcc.a -Wl,--exclude-libs,libatomic.a -static-libstdc++ -Wl,--build-id -Wl,--warn-shared-textrel -Wl,--fatal-warnings -Wl,--no-undefined -Qunused-arguments -Wl,-z,noexecstack -Wl,-z,relro -Wl,-z,now -Wl,--gc-sections  -v CMakeFiles/cmTC_e01c1.dir/CMakeCCompilerABI.c.o  -o cmTC_e01c1 
Android (5058415 based on r339409) clang version 8.0.2 (https://android.googlesource.com/toolchain/clang 40173bab62ec746213857d083c0e8b0abb568790) (https://android.googlesource.com/toolchain/llvm 7a6618d69e7e8111e1d49dc9e7813767c5ca756a) (based on LLVM 8.0.2svn)
Target: aarch64-none-linux-android23
Thread model: posix
InstalledDir: /home/mi/tools/android/android-ndk-r19c/toolchains/llvm/prebuilt/linux-x86_64/bin
Found candidate GCC installation: /home/mi/tools/android/android-ndk-r19c/toolchains/llvm/prebuilt/linux-x86_64/lib/gcc/aarch64-linux-android/4.9.x
Selected GCC installation: /home/mi/tools/android/android-ndk-r19c/toolchains/llvm/prebuilt/linux-x86_64/lib/gcc/aarch64-linux-android/4.9.x
Candidate multilib: .;@m64
Selected multilib: .;@m64
 "/home/mi/tools/android/android-ndk-r19c/toolchains/llvm/prebuilt/linux-x86_64/lib/gcc/aarch64-linux-android/4.9.x/../../../../aarch64-linux-android/bin/ld" --sysroot=/home/mi/tools/android/android-ndk-r19c/toolchains/llvm/prebuilt/linux-x86_64/sysroot -pie --fix-cortex-a53-843419 -z relro --enable-new-dtags --eh-frame-hdr -m aarch64linux -dynamic-linker /system/bin/linker64 -o cmTC_e01c1 /home/mi/tools/android/android-ndk-r19c/toolchains/llvm/prebuilt/linux-x86_64/sysroot/usr/lib/aarch64-linux-android/23/crtbegin_dynamic.o -L/home/mi/tools/android/android-ndk-r19c/toolchains/llvm/prebuilt/linux-x86_64/lib64/clang/8.0.2/lib/linux/aarch64 -L/home/mi/tools/android/android-ndk-r19c/toolchains/llvm/prebuilt/linux-x86_64/lib/gcc/aarch64-linux-android/4.9.x -L/home/mi/tools/android/android-ndk-r19c/toolchains/llvm/prebuilt/linux-x86_64/lib/gcc/aarch64-linux-android/4.9.x/../../../../aarch64-linux-android/lib/../lib64 -L/home/mi/tools/android/android-ndk-r19c/toolchains/llvm/prebuilt/linux-x86_64/sysroot/usr/lib/aarch64-linux-android/23 -L/home/mi/tools/android/android-ndk-r19c/toolchains/llvm/prebuilt/linux-x86_64/sysroot/usr/lib/aarch64-linux-android -L/home/mi/tools/android/android-ndk-r19c/toolchains/llvm/prebuilt/linux-x86_64/lib/gcc/aarch64-linux-android/4.9.x/../../../../aarch64-linux-android/lib -L/home/mi/tools/android/android-ndk-r19c/toolchains/llvm/prebuilt/linux-x86_64/sysroot/usr/lib --exclude-libs libgcc.a --exclude-libs libatomic.a --build-id --warn-shared-textrel --fatal-warnings --no-undefined -z noexecstack -z relro -z now --gc-sections CMakeFiles/cmTC_e01c1.dir/CMakeCCompilerABI.c.o -lgcc -ldl -lc -lgcc -ldl /home/mi/tools/android/android-ndk-r19c/toolchains/llvm/prebuilt/linux-x86_64/sysroot/usr/lib/aarch64-linux-android/23/crtend_android.o
make[1]: Leaving directory '/home/mi/workspaces/guide/NeonGaussian/build_android/CMakeFiles/CMakeTmp'


Parsed C implicit link information from above output:
  link line regex: [^( *|.*[/\])(aarch64-linux-android-ld|CMAKE_LINK_STARTFILE-NOTFOUND|([^/\]+-)?ld|collect2)[^/\]*( |$)]
  ignore line: [Change Dir: /home/mi/workspaces/guide/NeonGaussian/build_android/CMakeFiles/CMakeTmp]
  ignore line: []
  ignore line: [Run Build Command:"/usr/bin/make" "cmTC_e01c1/fast"]
  ignore line: [/usr/bin/make -f CMakeFiles/cmTC_e01c1.dir/build.make CMakeFiles/cmTC_e01c1.dir/build]
  ignore line: [make[1]: Entering directory '/home/mi/workspaces/guide/NeonGaussian/build_android/CMakeFiles/CMakeTmp']
  ignore line: [Building C object CMakeFiles/cmTC_e01c1.dir/CMakeCCompilerABI.c.o]
  ignore line: [/home/mi/tools/android/android-ndk-r19c/toolchains/llvm/prebuilt/linux-x86_64/bin/clang --target=aarch64-none-linux-android23 --gcc-toolchain=/home/mi/tools/android/android-ndk-r19c/toolchains/llvm/prebuilt/linux-x86_64 --sysroot=/home/mi/tools/android/android-ndk-r19c/toolchains/llvm/prebuilt/linux-x86_64/sysroot   -g -DANDROID -fdata-sections -ffunction-sections -funwind-tables -fstack-protector-strong -no-canonical-prefixes -fno-addrsig -Wa,--noexecstack -Wformat -Werror=format-security   -fPIE   -o CMakeFiles/cmTC_e01c1.dir/CMakeCCompilerABI.c.o   -c /home/mi/tools/cmake-3.12.2-Linux-x86_64/share/cmake-3.12/Modules/CMakeCCompilerABI.c]
  ignore line: [Linking C executable cmTC_e01c1]
  ignore line: [/home/mi/tools/cmake-3.12.2-Linux-x86_64/bin/cmake -E cmake_link_script CMakeFiles/cmTC_e01c1.dir/link.txt --verbose=1]
  ignore line: [/home/mi/tools/android/android-ndk-r19c/toolchains/llvm/prebuilt/linux-x86_64/bin/clang --target=aarch64-none-linux-android23 --gcc-toolchain=/home/mi/tools/android/android-ndk-r19c/toolchains/llvm/prebuilt/linux-x86_64 --sysroot=/home/mi/tools/android/android-ndk-r19c/toolchains/llvm/prebuilt/linux-x86_64/sysroot -g -DANDROID -fdata-sections -ffunction-sections -funwind-tables -fstack-protector-strong -no-canonical-prefixes -fno-addrsig -Wa,--noexecstack -Wformat -Werror=format-security    -Wl,--exclude-libs,libgcc.a -Wl,--exclude-libs,libatomic.a -static-libstdc++ -Wl,--build-id -Wl,--warn-shared-textrel -Wl,--fatal-warnings -Wl,--no-undefined -Qunused-arguments -Wl,-z,noexecstack -Wl,-z,relro -Wl,-z,now -Wl,--gc-sections  -v CMakeFiles/cmTC_e01c1.dir/CMakeCCompilerABI.c.o  -o cmTC_e01c1 ]
  ignore line: [Android (5058415 based on r339409) clang version 8.0.2 (https://android.googlesource.com/toolchain/clang 40173bab62ec746213857d083c0e8b0abb568790) (https://android.googlesource.com/toolchain/llvm 7a6618d69e7e8111e1d49dc9e7813767c5ca756a) (based on LLVM 8.0.2svn)]
  ignore line: [Target: aarch64-none-linux-android23]
  ignore line: [Thread model: posix]
  ignore line: [InstalledDir: /home/mi/tools/android/android-ndk-r19c/toolchains/llvm/prebuilt/linux-x86_64/bin]
  ignore line: [Found candidate GCC installation: /home/mi/tools/android/android-ndk-r19c/toolchains/llvm/prebuilt/linux-x86_64/lib/gcc/aarch64-linux-android/4.9.x]
  ignore line: [Selected GCC installation: /home/mi/tools/android/android-ndk-r19c/toolchains/llvm/prebuilt/linux-x86_64/lib/gcc/aarch64-linux-android/4.9.x]
  ignore line: [Candidate multilib: .]
  ignore line: [@m64]
  ignore line: [Selected multilib: .]
  ignore line: [@m64]
  link line: [ "/home/mi/tools/android/android-ndk-r19c/toolchains/llvm/prebuilt/linux-x86_64/lib/gcc/aarch64-linux-android/4.9.x/../../../../aarch64-linux-android/bin/ld" --sysroot=/home/mi/tools/android/android-ndk-r19c/toolchains/llvm/prebuilt/linux-x86_64/sysroot -pie --fix-cortex-a53-843419 -z relro --enable-new-dtags --eh-frame-hdr -m aarch64linux -dynamic-linker /system/bin/linker64 -o cmTC_e01c1 /home/mi/tools/android/android-ndk-r19c/toolchains/llvm/prebuilt/linux-x86_64/sysroot/usr/lib/aarch64-linux-android/23/crtbegin_dynamic.o -L/home/mi/tools/android/android-ndk-r19c/toolchains/llvm/prebuilt/linux-x86_64/lib64/clang/8.0.2/lib/linux/aarch64 -L/home/mi/tools/android/android-ndk-r19c/toolchains/llvm/prebuilt/linux-x86_64/lib/gcc/aarch64-linux-android/4.9.x -L/home/mi/tools/android/android-ndk-r19c/toolchains/llvm/prebuilt/linux-x86_64/lib/gcc/aarch64-linux-android/4.9.x/../../../../aarch64-linux-android/lib/../lib64 -L/home/mi/tools/android/android-ndk-r19c/toolchains/llvm/prebuilt/linux-x86_64/sysroot/usr/lib/aarch64-linux-android/23 -L/home/mi/tools/android/android-ndk-r19c/toolchains/llvm/prebuilt/linux-x86_64/sysroot/usr/lib/aarch64-linux-android -L/home/mi/tools/android/android-ndk-r19c/toolchains/llvm/prebuilt/linux-x86_64/lib/gcc/aarch64-linux-android/4.9.x/../../../../aarch64-linux-android/lib -L/home/mi/tools/android/android-ndk-r19c/toolchains/llvm/prebuilt/linux-x86_64/sysroot/usr/lib --exclude-libs libgcc.a --exclude-libs libatomic.a --build-id --warn-shared-textrel --fatal-warnings --no-undefined -z noexecstack -z relro -z now --gc-sections CMakeFiles/cmTC_e01c1.dir/CMakeCCompilerABI.c.o -lgcc -ldl -lc -lgcc -ldl /home/mi/tools/android/android-ndk-r19c/toolchains/llvm/prebuilt/linux-x86_64/sysroot/usr/lib/aarch64-linux-android/23/crtend_android.o]
    arg [/home/mi/tools/android/android-ndk-r19c/toolchains/llvm/prebuilt/linux-x86_64/lib/gcc/aarch64-linux-android/4.9.x/../../../../aarch64-linux-android/bin/ld] ==> ignore
    arg [--sysroot=/home/mi/tools/android/android-ndk-r19c/toolchains/llvm/prebuilt/linux-x86_64/sysroot] ==> ignore
    arg [-pie] ==> ignore
    arg [--fix-cortex-a53-843419] ==> ignore
    arg [-zrelro] ==> ignore
    arg [--enable-new-dtags] ==> ignore
    arg [--eh-frame-hdr] ==> ignore
    arg [-m] ==> ignore
    arg [aarch64linux] ==> ignore
    arg [-dynamic-linker] ==> ignore
    arg [/system/bin/linker64] ==> ignore
    arg [-o] ==> ignore
    arg [cmTC_e01c1] ==> ignore
    arg [/home/mi/tools/android/android-ndk-r19c/toolchains/llvm/prebuilt/linux-x86_64/sysroot/usr/lib/aarch64-linux-android/23/crtbegin_dynamic.o] ==> ignore
    arg [-L/home/mi/tools/android/android-ndk-r19c/toolchains/llvm/prebuilt/linux-x86_64/lib64/clang/8.0.2/lib/linux/aarch64] ==> dir [/home/mi/tools/android/android-ndk-r19c/toolchains/llvm/prebuilt/linux-x86_64/lib64/clang/8.0.2/lib/linux/aarch64]
    arg [-L/home/mi/tools/android/android-ndk-r19c/toolchains/llvm/prebuilt/linux-x86_64/lib/gcc/aarch64-linux-android/4.9.x] ==> dir [/home/mi/tools/android/android-ndk-r19c/toolchains/llvm/prebuilt/linux-x86_64/lib/gcc/aarch64-linux-android/4.9.x]
    arg [-L/home/mi/tools/android/android-ndk-r19c/toolchains/llvm/prebuilt/linux-x86_64/lib/gcc/aarch64-linux-android/4.9.x/../../../../aarch64-linux-android/lib/../lib64] ==> dir [/home/mi/tools/android/android-ndk-r19c/toolchains/llvm/prebuilt/linux-x86_64/lib/gcc/aarch64-linux-android/4.9.x/../../../../aarch64-linux-android/lib/../lib64]
    arg [-L/home/mi/tools/android/android-ndk-r19c/toolchains/llvm/prebuilt/linux-x86_64/sysroot/usr/lib/aarch64-linux-android/23] ==> dir [/home/mi/tools/android/android-ndk-r19c/toolchains/llvm/prebuilt/linux-x86_64/sysroot/usr/lib/aarch64-linux-android/23]
    arg [-L/home/mi/tools/android/android-ndk-r19c/toolchains/llvm/prebuilt/linux-x86_64/sysroot/usr/lib/aarch64-linux-android] ==> dir [/home/mi/tools/android/android-ndk-r19c/toolchains/llvm/prebuilt/linux-x86_64/sysroot/usr/lib/aarch64-linux-android]
    arg [-L/home/mi/tools/android/android-ndk-r19c/toolchains/llvm/prebuilt/linux-x86_64/lib/gcc/aarch64-linux-android/4.9.x/../../../../aarch64-linux-android/lib] ==> dir [/home/mi/tools/android/android-ndk-r19c/toolchains/llvm/prebuilt/linux-x86_64/lib/gcc/aarch64-linux-android/4.9.x/../../../../aarch64-linux-android/lib]
    arg [-L/home/mi/tools/android/android-ndk-r19c/toolchains/llvm/prebuilt/linux-x86_64/sysroot/usr/lib] ==> dir [/home/mi/tools/android/android-ndk-r19c/toolchains/llvm/prebuilt/linux-x86_64/sysroot/usr/lib]
    arg [--exclude-libs] ==> ignore
    arg [libgcc.a] ==> ignore
    arg [--exclude-libs] ==> ignore
    arg [libatomic.a] ==> ignore
    arg [--build-id] ==> ignore
    arg [--warn-shared-textrel] ==> ignore
    arg [--fatal-warnings] ==> ignore
    arg [--no-undefined] ==> ignore
    arg [-znoexecstack] ==> ignore
    arg [-zrelro] ==> ignore
    arg [-znow] ==> ignore
    arg [--gc-sections] ==> ignore
    arg [CMakeFiles/cmTC_e01c1.dir/CMakeCCompilerABI.c.o] ==> ignore
    arg [-lgcc] ==> lib [gcc]
    arg [-ldl] ==> lib [dl]
    arg [-lc] ==> lib [c]
    arg [-lgcc] ==> lib [gcc]
    arg [-ldl] ==> lib [dl]
    arg [/home/mi/tools/android/android-ndk-r19c/toolchains/llvm/prebuilt/linux-x86_64/sysroot/usr/lib/aarch64-linux-android/23/crtend_android.o] ==> ignore
  collapse library dir [/home/mi/tools/android/android-ndk-r19c/toolchains/llvm/prebuilt/linux-x86_64/lib64/clang/8.0.2/lib/linux/aarch64] ==> [/home/mi/tools/android/android-ndk-r19c/toolchains/llvm/prebuilt/linux-x86_64/lib64/clang/8.0.2/lib/linux/aarch64]
  collapse library dir [/home/mi/tools/android/android-ndk-r19c/toolchains/llvm/prebuilt/linux-x86_64/lib/gcc/aarch64-linux-android/4.9.x] ==> [/home/mi/tools/android/android-ndk-r19c/toolchains/llvm/prebuilt/linux-x86_64/lib/gcc/aarch64-linux-android/4.9.x]
  collapse library dir [/home/mi/tools/android/android-ndk-r19c/toolchains/llvm/prebuilt/linux-x86_64/lib/gcc/aarch64-linux-android/4.9.x/../../../../aarch64-linux-android/lib/../lib64] ==> [/home/mi/tools/android/android-ndk-r19c/toolchains/llvm/prebuilt/linux-x86_64/aarch64-linux-android/lib64]
  collapse library dir [/home/mi/tools/android/android-ndk-r19c/toolchains/llvm/prebuilt/linux-x86_64/sysroot/usr/lib/aarch64-linux-android/23] ==> [/home/mi/tools/android/android-ndk-r19c/toolchains/llvm/prebuilt/linux-x86_64/sysroot/usr/lib/aarch64-linux-android/23]
  collapse library dir [/home/mi/tools/android/android-ndk-r19c/toolchains/llvm/prebuilt/linux-x86_64/sysroot/usr/lib/aarch64-linux-android] ==> [/home/mi/tools/android/android-ndk-r19c/toolchains/llvm/prebuilt/linux-x86_64/sysroot/usr/lib/aarch64-linux-android]
  collapse library dir [/home/mi/tools/android/android-ndk-r19c/toolchains/llvm/prebuilt/linux-x86_64/lib/gcc/aarch64-linux-android/4.9.x/../../../../aarch64-linux-android/lib] ==> [/home/mi/tools/android/android-ndk-r19c/toolchains/llvm/prebuilt/linux-x86_64/aarch64-linux-android/lib]
  collapse library dir [/home/mi/tools/android/android-ndk-r19c/toolchains/llvm/prebuilt/linux-x86_64/sysroot/usr/lib] ==> [/home/mi/tools/android/android-ndk-r19c/toolchains/llvm/prebuilt/linux-x86_64/sysroot/usr/lib]
  implicit libs: [gcc;dl;c;gcc;dl]
  implicit dirs: [/home/mi/tools/android/android-ndk-r19c/toolchains/llvm/prebuilt/linux-x86_64/lib64/clang/8.0.2/lib/linux/aarch64;/home/mi/tools/android/android-ndk-r19c/toolchains/llvm/prebuilt/linux-x86_64/lib/gcc/aarch64-linux-android/4.9.x;/home/mi/tools/android/android-ndk-r19c/toolchains/llvm/prebuilt/linux-x86_64/aarch64-linux-android/lib64;/home/mi/tools/android/android-ndk-r19c/toolchains/llvm/prebuilt/linux-x86_64/sysroot/usr/lib/aarch64-linux-android/23;/home/mi/tools/android/android-ndk-r19c/toolchains/llvm/prebuilt/linux-x86_64/sysroot/usr/lib/aarch64-linux-android;/home/mi/tools/android/android-ndk-r19c/toolchains/llvm/prebuilt/linux-x86_64/aarch64-linux-android/lib;/home/mi/tools/android/android-ndk-r19c/toolchains/llvm/prebuilt/linux-x86_64/sysroot/usr/lib]
  implicit fwks: []




Detecting C [-std=c11] compiler features compiled with the following output:
Change Dir: /home/mi/workspaces/guide/NeonGaussian/build_android/CMakeFiles/CMakeTmp

Run Build Command:"/usr/bin/make" "cmTC_52112/fast"
/usr/bin/make -f CMakeFiles/cmTC_52112.dir/build.make CMakeFiles/cmTC_52112.dir/build
make[1]: Entering directory '/home/mi/workspaces/guide/NeonGaussian/build_android/CMakeFiles/CMakeTmp'
Building C object CMakeFiles/cmTC_52112.dir/feature_tests.c.o
/home/mi/tools/android/android-ndk-r19c/toolchains/llvm/prebuilt/linux-x86_64/bin/clang --target=aarch64-none-linux-android23 --gcc-toolchain=/home/mi/tools/android/android-ndk-r19c/toolchains/llvm/prebuilt/linux-x86_64 --sysroot=/home/mi/tools/android/android-ndk-r19c/toolchains/llvm/prebuilt/linux-x86_64/sysroot   -g -DANDROID -fdata-sections -ffunction-sections -funwind-tables -fstack-protector-strong -no-canonical-prefixes -fno-addrsig -Wa,--noexecstack -Wformat -Werror=format-security   -fPIE   -std=c11 -o CMakeFiles/cmTC_52112.dir/feature_tests.c.o   -c /home/mi/workspaces/guide/NeonGaussian/build_android/CMakeFiles/feature_tests.c
Linking C executable cmTC_52112
/home/mi/tools/cmake-3.12.2-Linux-x86_64/bin/cmake -E cmake_link_script CMakeFiles/cmTC_52112.dir/link.txt --verbose=1
/home/mi/tools/android/android-ndk-r19c/toolchains/llvm/prebuilt/linux-x86_64/bin/clang --target=aarch64-none-linux-android23 --gcc-toolchain=/home/mi/tools/android/android-ndk-r19c/toolchains/llvm/prebuilt/linux-x86_64 --sysroot=/home/mi/tools/android/android-ndk-r19c/toolchains/llvm/prebuilt/linux-x86_64/sysroot -g -DANDROID -fdata-sections -ffunction-sections -funwind-tables -fstack-protector-strong -no-canonical-prefixes -fno-addrsig -Wa,--noexecstack -Wformat -Werror=format-security    -Wl,--exclude-libs,libgcc.a -Wl,--exclude-libs,libatomic.a -static-libstdc++ -Wl,--build-id -Wl,--warn-shared-textrel -Wl,--fatal-warnings -Wl,--no-undefined -Qunused-arguments -Wl,-z,noexecstack -Wl,-z,relro -Wl,-z,now -Wl,--gc-sections   CMakeFiles/cmTC_52112.dir/feature_tests.c.o  -o cmTC_52112 -latomic -lm 
make[1]: Leaving directory '/home/mi/workspaces/guide/NeonGaussian/build_android/CMakeFiles/CMakeTmp'


    Feature record: C_FEATURE:1c_function_prototypes
    Feature record: C_FEATURE:1c_restrict
    Feature record: C_FEATURE:1c_static_assert
    Feature record: C_FEATURE:1c_variadic_macros


Detecting C [-std=c99] compiler features compiled with the following output:
Change Dir: /home/mi/workspaces/guide/NeonGaussian/build_android/CMakeFiles/CMakeTmp

Run Build Command:"/usr/bin/make" "cmTC_b059b/fast"
/usr/bin/make -f CMakeFiles/cmTC_b059b.dir/build.make CMakeFiles/cmTC_b059b.dir/build
make[1]: Entering directory '/home/mi/workspaces/guide/NeonGaussian/build_android/CMakeFiles/CMakeTmp'
Building C object CMakeFiles/cmTC_b059b.dir/feature_tests.c.o
/home/mi/tools/android/android-ndk-r19c/toolchains/llvm/prebuilt/linux-x86_64/bin/clang --target=aarch64-none-linux-android23 --gcc-toolchain=/home/mi/tools/android/android-ndk-r19c/toolchains/llvm/prebuilt/linux-x86_64 --sysroot=/home/mi/tools/android/android-ndk-r19c/toolchains/llvm/prebuilt/linux-x86_64/sysroot   -g -DANDROID -fdata-sections -ffunction-sections -funwind-tables -fstack-protector-strong -no-canonical-prefixes -fno-addrsig -Wa,--noexecstack -Wformat -Werror=format-security   -fPIE   -std=c99 -o CMakeFiles/cmTC_b059b.dir/feature_tests.c.o   -c /home/mi/workspaces/guide/NeonGaussian/build_android/CMakeFiles/feature_tests.c
Linking C executable cmTC_b059b
/home/mi/tools/cmake-3.12.2-Linux-x86_64/bin/cmake -E cmake_link_script CMakeFiles/cmTC_b059b.dir/link.txt --verbose=1
/home/mi/tools/android/android-ndk-r19c/toolchains/llvm/prebuilt/linux-x86_64/bin/clang --target=aarch64-none-linux-android23 --gcc-toolchain=/home/mi/tools/android/android-ndk-r19c/toolchains/llvm/prebuilt/linux-x86_64 --sysroot=/home/mi/tools/android/android-ndk-r19c/toolchains/llvm/prebuilt/linux-x86_64/sysroot -g -DANDROID -fdata-sections -ffunction-sections -funwind-tables -fstack-protector-strong -no-canonical-prefixes -fno-addrsig -Wa,--noexecstack -Wformat -Werror=format-security    -Wl,--exclude-libs,libgcc.a -Wl,--exclude-libs,libatomic.a -static-libstdc++ -Wl,--build-id -Wl,--warn-shared-textrel -Wl,--fatal-warnings -Wl,--no-undefined -Qunused-arguments -Wl,-z,noexecstack -Wl,-z,relro -Wl,-z,now -Wl,--gc-sections   CMakeFiles/cmTC_b059b.dir/feature_tests.c.o  -o cmTC_b059b -latomic -lm 
make[1]: Leaving directory '/home/mi/workspaces/guide/NeonGaussian/build_android/CMakeFiles/CMakeTmp'


    Feature record: C_FEATURE:1c_function_prototypes
    Feature record: C_FEATURE:1c_restrict
    Feature record: C_FEATURE:0c_static_assert
    Feature record: C_FEATURE:1c_variadic_macros


Detecting C [-std=c90] compiler features compiled with the following output:
Change Dir: /home/mi/workspaces/guide/NeonGaussian/build_android/CMakeFiles/CMakeTmp

Run Build Command:"/usr/bin/make" "cmTC_9f9f2/fast"
/usr/bin/make -f CMakeFiles/cmTC_9f9f2.dir/build.make CMakeFiles/cmTC_9f9f2.dir/build
make[1]: Entering directory '/home/mi/workspaces/guide/NeonGaussian/build_android/CMakeFiles/CMakeTmp'
Building C object CMakeFiles/cmTC_9f9f2.dir/feature_tests.c.o
/home/mi/tools/android/android-ndk-r19c/toolchains/llvm/prebuilt/linux-x86_64/bin/clang --target=aarch64-none-linux-android23 --gcc-toolchain=/home/mi/tools/android/android-ndk-r19c/toolchains/llvm/prebuilt/linux-x86_64 --sysroot=/home/mi/tools/android/android-ndk-r19c/toolchains/llvm/prebuilt/linux-x86_64/sysroot   -g -DANDROID -fdata-sections -ffunction-sections -funwind-tables -fstack-protector-strong -no-canonical-prefixes -fno-addrsig -Wa,--noexecstack -Wformat -Werror=format-security   -fPIE   -std=c90 -o CMakeFiles/cmTC_9f9f2.dir/feature_tests.c.o   -c /home/mi/workspaces/guide/NeonGaussian/build_android/CMakeFiles/feature_tests.c
Linking C executable cmTC_9f9f2
/home/mi/tools/cmake-3.12.2-Linux-x86_64/bin/cmake -E cmake_link_script CMakeFiles/cmTC_9f9f2.dir/link.txt --verbose=1
/home/mi/tools/android/android-ndk-r19c/toolchains/llvm/prebuilt/linux-x86_64/bin/clang --target=aarch64-none-linux-android23 --gcc-toolchain=/home/mi/tools/android/android-ndk-r19c/toolchains/llvm/prebuilt/linux-x86_64 --sysroot=/home/mi/tools/android/android-ndk-r19c/toolchains/llvm/prebuilt/linux-x86_64/sysroot -g -DANDROID -fdata-sections -ffunction-sections -funwind-tables -fstack-protector-strong -no-canonical-prefixes -fno-addrsig -Wa,--noexecstack -Wformat -Werror=format-security    -Wl,--exclude-libs,libgcc.a -Wl,--exclude-libs,libatomic.a -static-libstdc++ -Wl,--build-id -Wl,--warn-shared-textrel -Wl,--fatal-warnings -Wl,--no-undefined -Qunused-arguments -Wl,-z,noexecstack -Wl,-z,relro -Wl,-z,now -Wl,--gc-sections   CMakeFiles/cmTC_9f9f2.dir/feature_tests.c.o  -o cmTC_9f9f2 -latomic -lm 
make[1]: Leaving directory '/home/mi/workspaces/guide/NeonGaussian/build_android/CMakeFiles/CMakeTmp'


    Feature record: C_FEATURE:1c_function_prototypes
    Feature record: C_FEATURE:0c_restrict
    Feature record: C_FEATURE:0c_static_assert
    Feature record: C_FEATURE:0c_variadic_macros
Determining if the CXX compiler works passed with the following output:
Change Dir: /home/mi/workspaces/guide/NeonGaussian/build_android/CMakeFiles/CMakeTmp

Run Build Command:"/usr/bin/make" "cmTC_59b6b/fast"
/usr/bin/make -f CMakeFiles/cmTC_59b6b.dir/build.make CMakeFiles/cmTC_59b6b.dir/build
make[1]: Entering directory '/home/mi/workspaces/guide/NeonGaussian/build_android/CMakeFiles/CMakeTmp'
Building CXX object CMakeFiles/cmTC_59b6b.dir/testCXXCompiler.cxx.o
/home/mi/tools/android/android-ndk-r19c/toolchains/llvm/prebuilt/linux-x86_64/bin/clang++ --target=aarch64-none-linux-android23 --gcc-toolchain=/home/mi/tools/android/android-ndk-r19c/toolchains/llvm/prebuilt/linux-x86_64 --sysroot=/home/mi/tools/android/android-ndk-r19c/toolchains/llvm/prebuilt/linux-x86_64/sysroot    -g -DANDROID -fdata-sections -ffunction-sections -funwind-tables -fstack-protector-strong -no-canonical-prefixes -fno-addrsig -Wa,--noexecstack -Wformat -Werror=format-security -stdlib=libc++   -fPIE   -o CMakeFiles/cmTC_59b6b.dir/testCXXCompiler.cxx.o -c /home/mi/workspaces/guide/NeonGaussian/build_android/CMakeFiles/CMakeTmp/testCXXCompiler.cxx
Linking CXX executable cmTC_59b6b
/home/mi/tools/cmake-3.12.2-Linux-x86_64/bin/cmake -E cmake_link_script CMakeFiles/cmTC_59b6b.dir/link.txt --verbose=1
/home/mi/tools/android/android-ndk-r19c/toolchains/llvm/prebuilt/linux-x86_64/bin/clang++ --target=aarch64-none-linux-android23 --gcc-toolchain=/home/mi/tools/android/android-ndk-r19c/toolchains/llvm/prebuilt/linux-x86_64 --sysroot=/home/mi/tools/android/android-ndk-r19c/toolchains/llvm/prebuilt/linux-x86_64/sysroot  -g -DANDROID -fdata-sections -ffunction-sections -funwind-tables -fstack-protector-strong -no-canonical-prefixes -fno-addrsig -Wa,--noexecstack -Wformat -Werror=format-security -stdlib=libc++    -Wl,--exclude-libs,libgcc.a -Wl,--exclude-libs,libatomic.a -static-libstdc++ -Wl,--build-id -Wl,--warn-shared-textrel -Wl,--fatal-warnings -Wl,--no-undefined -Qunused-arguments -Wl,-z,noexecstack -Wl,-z,relro -Wl,-z,now -Wl,--gc-sections   CMakeFiles/cmTC_59b6b.dir/testCXXCompiler.cxx.o  -o cmTC_59b6b -latomic -lm 
make[1]: Leaving directory '/home/mi/workspaces/guide/NeonGaussian/build_android/CMakeFiles/CMakeTmp'


Detecting CXX compiler ABI info compiled with the following output:
Change Dir: /home/mi/workspaces/guide/NeonGaussian/build_android/CMakeFiles/CMakeTmp

Run Build Command:"/usr/bin/make" "cmTC_8e154/fast"
/usr/bin/make -f CMakeFiles/cmTC_8e154.dir/build.make CMakeFiles/cmTC_8e154.dir/build
make[1]: Entering directory '/home/mi/workspaces/guide/NeonGaussian/build_android/CMakeFiles/CMakeTmp'
Building CXX object CMakeFiles/cmTC_8e154.dir/CMakeCXXCompilerABI.cpp.o
/home/mi/tools/android/android-ndk-r19c/toolchains/llvm/prebuilt/linux-x86_64/bin/clang++ --target=aarch64-none-linux-android23 --gcc-toolchain=/home/mi/tools/android/android-ndk-r19c/toolchains/llvm/prebuilt/linux-x86_64 --sysroot=/home/mi/tools/android/android-ndk-r19c/toolchains/llvm/prebuilt/linux-x86_64/sysroot    -g -DANDROID -fdata-sections -ffunction-sections -funwind-tables -fstack-protector-strong -no-canonical-prefixes -fno-addrsig -Wa,--noexecstack -Wformat -Werror=format-security -stdlib=libc++   -fPIE   -o CMakeFiles/cmTC_8e154.dir/CMakeCXXCompilerABI.cpp.o -c /home/mi/tools/cmake-3.12.2-Linux-x86_64/share/cmake-3.12/Modules/CMakeCXXCompilerABI.cpp
Linking CXX executable cmTC_8e154
/home/mi/tools/cmake-3.12.2-Linux-x86_64/bin/cmake -E cmake_link_script CMakeFiles/cmTC_8e154.dir/link.txt --verbose=1
/home/mi/tools/android/android-ndk-r19c/toolchains/llvm/prebuilt/linux-x86_64/bin/clang++ --target=aarch64-none-linux-android23 --gcc-toolchain=/home/mi/tools/android/android-ndk-r19c/toolchains/llvm/prebuilt/linux-x86_64 --sysroot=/home/mi/tools/android/android-ndk-r19c/toolchains/llvm/prebuilt/linux-x86_64/sysroot  -g -DANDROID -fdata-sections -ffunction-sections -funwind-tables -fstack-protector-strong -no-canonical-prefixes -fno-addrsig -Wa,--noexecstack -Wformat -Werror=format-security -stdlib=libc++    -Wl,--exclude-libs,libgcc.a -Wl,--exclude-libs,libatomic.a -static-libstdc++ -Wl,--build-id -Wl,--warn-shared-textrel -Wl,--fatal-warnings -Wl,--no-undefined -Qunused-arguments -Wl,-z,noexecstack -Wl,-z,relro -Wl,-z,now -Wl,--gc-sections  -v CMakeFiles/cmTC_8e154.dir/CMakeCXXCompilerABI.cpp.o  -o cmTC_8e154 
Android (5058415 based on r339409) clang version 8.0.2 (https://android.googlesource.com/toolchain/clang 40173bab62ec746213857d083c0e8b0abb568790) (https://android.googlesource.com/toolchain/llvm 7a6618d69e7e8111e1d49dc9e7813767c5ca756a) (based on LLVM 8.0.2svn)
Target: aarch64-none-linux-android23
Thread model: posix
InstalledDir: /home/mi/tools/android/android-ndk-r19c/toolchains/llvm/prebuilt/linux-x86_64/bin
Found candidate GCC installation: /home/mi/tools/android/android-ndk-r19c/toolchains/llvm/prebuilt/linux-x86_64/lib/gcc/aarch64-linux-android/4.9.x
Selected GCC installation: /home/mi/tools/android/android-ndk-r19c/toolchains/llvm/prebuilt/linux-x86_64/lib/gcc/aarch64-linux-android/4.9.x
Candidate multilib: .;@m64
Selected multilib: .;@m64
 "/home/mi/tools/android/android-ndk-r19c/toolchains/llvm/prebuilt/linux-x86_64/lib/gcc/aarch64-linux-android/4.9.x/../../../../aarch64-linux-android/bin/ld" --sysroot=/home/mi/tools/android/android-ndk-r19c/toolchains/llvm/prebuilt/linux-x86_64/sysroot -pie --fix-cortex-a53-843419 -z relro --enable-new-dtags --eh-frame-hdr -m aarch64linux -dynamic-linker /system/bin/linker64 -o cmTC_8e154 /home/mi/tools/android/android-ndk-r19c/toolchains/llvm/prebuilt/linux-x86_64/sysroot/usr/lib/aarch64-linux-android/23/crtbegin_dynamic.o -L/home/mi/tools/android/android-ndk-r19c/toolchains/llvm/prebuilt/linux-x86_64/lib64/clang/8.0.2/lib/linux/aarch64 -L/home/mi/tools/android/android-ndk-r19c/toolchains/llvm/prebuilt/linux-x86_64/lib/gcc/aarch64-linux-android/4.9.x -L/home/mi/tools/android/android-ndk-r19c/toolchains/llvm/prebuilt/linux-x86_64/lib/gcc/aarch64-linux-android/4.9.x/../../../../aarch64-linux-android/lib/../lib64 -L/home/mi/tools/android/android-ndk-r19c/toolchains/llvm/prebuilt/linux-x86_64/sysroot/usr/lib/aarch64-linux-android/23 -L/home/mi/tools/android/android-ndk-r19c/toolchains/llvm/prebuilt/linux-x86_64/sysroot/usr/lib/aarch64-linux-android -L/home/mi/tools/android/android-ndk-r19c/toolchains/llvm/prebuilt/linux-x86_64/lib/gcc/aarch64-linux-android/4.9.x/../../../../aarch64-linux-android/lib -L/home/mi/tools/android/android-ndk-r19c/toolchains/llvm/prebuilt/linux-x86_64/sysroot/usr/lib --exclude-libs libgcc.a --exclude-libs libatomic.a --build-id --warn-shared-textrel --fatal-warnings --no-undefined -z noexecstack -z relro -z now --gc-sections CMakeFiles/cmTC_8e154.dir/CMakeCXXCompilerABI.cpp.o -Bstatic -lc++ -Bdynamic -lm -lgcc -lgcc -ldl -lc -lgcc -lgcc -ldl /home/mi/tools/android/android-ndk-r19c/toolchains/llvm/prebuilt/linux-x86_64/sysroot/usr/lib/aarch64-linux-android/23/crtend_android.o
make[1]: Leaving directory '/home/mi/workspaces/guide/NeonGaussian/build_android/CMakeFiles/CMakeTmp'


Parsed CXX implicit link information from above output:
  link line regex: [^( *|.*[/\])(aarch64-linux-android-ld|CMAKE_LINK_STARTFILE-NOTFOUND|([^/\]+-)?ld|collect2)[^/\]*( |$)]
  ignore line: [Change Dir: /home/mi/workspaces/guide/NeonGaussian/build_android/CMakeFiles/CMakeTmp]
  ignore line: []
  ignore line: [Run Build Command:"/usr/bin/make" "cmTC_8e154/fast"]
  ignore line: [/usr/bin/make -f CMakeFiles/cmTC_8e154.dir/build.make CMakeFiles/cmTC_8e154.dir/build]
  ignore line: [make[1]: Entering directory '/home/mi/workspaces/guide/NeonGaussian/build_android/CMakeFiles/CMakeTmp']
  ignore line: [Building CXX object CMakeFiles/cmTC_8e154.dir/CMakeCXXCompilerABI.cpp.o]
  ignore line: [/home/mi/tools/android/android-ndk-r19c/toolchains/llvm/prebuilt/linux-x86_64/bin/clang++ --target=aarch64-none-linux-android23 --gcc-toolchain=/home/mi/tools/android/android-ndk-r19c/toolchains/llvm/prebuilt/linux-x86_64 --sysroot=/home/mi/tools/android/android-ndk-r19c/toolchains/llvm/prebuilt/linux-x86_64/sysroot    -g -DANDROID -fdata-sections -ffunction-sections -funwind-tables -fstack-protector-strong -no-canonical-prefixes -fno-addrsig -Wa,--noexecstack -Wformat -Werror=format-security -stdlib=libc++   -fPIE   -o CMakeFiles/cmTC_8e154.dir/CMakeCXXCompilerABI.cpp.o -c /home/mi/tools/cmake-3.12.2-Linux-x86_64/share/cmake-3.12/Modules/CMakeCXXCompilerABI.cpp]
  ignore line: [Linking CXX executable cmTC_8e154]
  ignore line: [/home/mi/tools/cmake-3.12.2-Linux-x86_64/bin/cmake -E cmake_link_script CMakeFiles/cmTC_8e154.dir/link.txt --verbose=1]
  ignore line: [/home/mi/tools/android/android-ndk-r19c/toolchains/llvm/prebuilt/linux-x86_64/bin/clang++ --target=aarch64-none-linux-android23 --gcc-toolchain=/home/mi/tools/android/android-ndk-r19c/toolchains/llvm/prebuilt/linux-x86_64 --sysroot=/home/mi/tools/android/android-ndk-r19c/toolchains/llvm/prebuilt/linux-x86_64/sysroot  -g -DANDROID -fdata-sections -ffunction-sections -funwind-tables -fstack-protector-strong -no-canonical-prefixes -fno-addrsig -Wa,--noexecstack -Wformat -Werror=format-security -stdlib=libc++    -Wl,--exclude-libs,libgcc.a -Wl,--exclude-libs,libatomic.a -static-libstdc++ -Wl,--build-id -Wl,--warn-shared-textrel -Wl,--fatal-warnings -Wl,--no-undefined -Qunused-arguments -Wl,-z,noexecstack -Wl,-z,relro -Wl,-z,now -Wl,--gc-sections  -v CMakeFiles/cmTC_8e154.dir/CMakeCXXCompilerABI.cpp.o  -o cmTC_8e154 ]
  ignore line: [Android (5058415 based on r339409) clang version 8.0.2 (https://android.googlesource.com/toolchain/clang 40173bab62ec746213857d083c0e8b0abb568790) (https://android.googlesource.com/toolchain/llvm 7a6618d69e7e8111e1d49dc9e7813767c5ca756a) (based on LLVM 8.0.2svn)]
  ignore line: [Target: aarch64-none-linux-android23]
  ignore line: [Thread model: posix]
  ignore line: [InstalledDir: /home/mi/tools/android/android-ndk-r19c/toolchains/llvm/prebuilt/linux-x86_64/bin]
  ignore line: [Found candidate GCC installation: /home/mi/tools/android/android-ndk-r19c/toolchains/llvm/prebuilt/linux-x86_64/lib/gcc/aarch64-linux-android/4.9.x]
  ignore line: [Selected GCC installation: /home/mi/tools/android/android-ndk-r19c/toolchains/llvm/prebuilt/linux-x86_64/lib/gcc/aarch64-linux-android/4.9.x]
  ignore line: [Candidate multilib: .]
  ignore line: [@m64]
  ignore line: [Selected multilib: .]
  ignore line: [@m64]
  link line: [ "/home/mi/tools/android/android-ndk-r19c/toolchains/llvm/prebuilt/linux-x86_64/lib/gcc/aarch64-linux-android/4.9.x/../../../../aarch64-linux-android/bin/ld" --sysroot=/home/mi/tools/android/android-ndk-r19c/toolchains/llvm/prebuilt/linux-x86_64/sysroot -pie --fix-cortex-a53-843419 -z relro --enable-new-dtags --eh-frame-hdr -m aarch64linux -dynamic-linker /system/bin/linker64 -o cmTC_8e154 /home/mi/tools/android/android-ndk-r19c/toolchains/llvm/prebuilt/linux-x86_64/sysroot/usr/lib/aarch64-linux-android/23/crtbegin_dynamic.o -L/home/mi/tools/android/android-ndk-r19c/toolchains/llvm/prebuilt/linux-x86_64/lib64/clang/8.0.2/lib/linux/aarch64 -L/home/mi/tools/android/android-ndk-r19c/toolchains/llvm/prebuilt/linux-x86_64/lib/gcc/aarch64-linux-android/4.9.x -L/home/mi/tools/android/android-ndk-r19c/toolchains/llvm/prebuilt/linux-x86_64/lib/gcc/aarch64-linux-android/4.9.x/../../../../aarch64-linux-android/lib/../lib64 -L/home/mi/tools/android/android-ndk-r19c/toolchains/llvm/prebuilt/linux-x86_64/sysroot/usr/lib/aarch64-linux-android/23 -L/home/mi/tools/android/android-ndk-r19c/toolchains/llvm/prebuilt/linux-x86_64/sysroot/usr/lib/aarch64-linux-android -L/home/mi/tools/android/android-ndk-r19c/toolchains/llvm/prebuilt/linux-x86_64/lib/gcc/aarch64-linux-android/4.9.x/../../../../aarch64-linux-android/lib -L/home/mi/tools/android/android-ndk-r19c/toolchains/llvm/prebuilt/linux-x86_64/sysroot/usr/lib --exclude-libs libgcc.a --exclude-libs libatomic.a --build-id --warn-shared-textrel --fatal-warnings --no-undefined -z noexecstack -z relro -z now --gc-sections CMakeFiles/cmTC_8e154.dir/CMakeCXXCompilerABI.cpp.o -Bstatic -lc++ -Bdynamic -lm -lgcc -lgcc -ldl -lc -lgcc -lgcc -ldl /home/mi/tools/android/android-ndk-r19c/toolchains/llvm/prebuilt/linux-x86_64/sysroot/usr/lib/aarch64-linux-android/23/crtend_android.o]
    arg [/home/mi/tools/android/android-ndk-r19c/toolchains/llvm/prebuilt/linux-x86_64/lib/gcc/aarch64-linux-android/4.9.x/../../../../aarch64-linux-android/bin/ld] ==> ignore
    arg [--sysroot=/home/mi/tools/android/android-ndk-r19c/toolchains/llvm/prebuilt/linux-x86_64/sysroot] ==> ignore
    arg [-pie] ==> ignore
    arg [--fix-cortex-a53-843419] ==> ignore
    arg [-zrelro] ==> ignore
    arg [--enable-new-dtags] ==> ignore
    arg [--eh-frame-hdr] ==> ignore
    arg [-m] ==> ignore
    arg [aarch64linux] ==> ignore
    arg [-dynamic-linker] ==> ignore
    arg [/system/bin/linker64] ==> ignore
    arg [-o] ==> ignore
    arg [cmTC_8e154] ==> ignore
    arg [/home/mi/tools/android/android-ndk-r19c/toolchains/llvm/prebuilt/linux-x86_64/sysroot/usr/lib/aarch64-linux-android/23/crtbegin_dynamic.o] ==> ignore
    arg [-L/home/mi/tools/android/android-ndk-r19c/toolchains/llvm/prebuilt/linux-x86_64/lib64/clang/8.0.2/lib/linux/aarch64] ==> dir [/home/mi/tools/android/android-ndk-r19c/toolchains/llvm/prebuilt/linux-x86_64/lib64/clang/8.0.2/lib/linux/aarch64]
    arg [-L/home/mi/tools/android/android-ndk-r19c/toolchains/llvm/prebuilt/linux-x86_64/lib/gcc/aarch64-linux-android/4.9.x] ==> dir [/home/mi/tools/android/android-ndk-r19c/toolchains/llvm/prebuilt/linux-x86_64/lib/gcc/aarch64-linux-android/4.9.x]
    arg [-L/home/mi/tools/android/android-ndk-r19c/toolchains/llvm/prebuilt/linux-x86_64/lib/gcc/aarch64-linux-android/4.9.x/../../../../aarch64-linux-android/lib/../lib64] ==> dir [/home/mi/tools/android/android-ndk-r19c/toolchains/llvm/prebuilt/linux-x86_64/lib/gcc/aarch64-linux-android/4.9.x/../../../../aarch64-linux-android/lib/../lib64]
    arg [-L/home/mi/tools/android/android-ndk-r19c/toolchains/llvm/prebuilt/linux-x86_64/sysroot/usr/lib/aarch64-linux-android/23] ==> dir [/home/mi/tools/android/android-ndk-r19c/toolchains/llvm/prebuilt/linux-x86_64/sysroot/usr/lib/aarch64-linux-android/23]
    arg [-L/home/mi/tools/android/android-ndk-r19c/toolchains/llvm/prebuilt/linux-x86_64/sysroot/usr/lib/aarch64-linux-android] ==> dir [/home/mi/tools/android/android-ndk-r19c/toolchains/llvm/prebuilt/linux-x86_64/sysroot/usr/lib/aarch64-linux-android]
    arg [-L/home/mi/tools/android/android-ndk-r19c/toolchains/llvm/prebuilt/linux-x86_64/lib/gcc/aarch64-linux-android/4.9.x/../../../../aarch64-linux-android/lib] ==> dir [/home/mi/tools/android/android-ndk-r19c/toolchains/llvm/prebuilt/linux-x86_64/lib/gcc/aarch64-linux-android/4.9.x/../../../../aarch64-linux-android/lib]
    arg [-L/home/mi/tools/android/android-ndk-r19c/toolchains/llvm/prebuilt/linux-x86_64/sysroot/usr/lib] ==> dir [/home/mi/tools/android/android-ndk-r19c/toolchains/llvm/prebuilt/linux-x86_64/sysroot/usr/lib]
    arg [--exclude-libs] ==> ignore
    arg [libgcc.a] ==> ignore
    arg [--exclude-libs] ==> ignore
    arg [libatomic.a] ==> ignore
    arg [--build-id] ==> ignore
    arg [--warn-shared-textrel] ==> ignore
    arg [--fatal-warnings] ==> ignore
    arg [--no-undefined] ==> ignore
    arg [-znoexecstack] ==> ignore
    arg [-zrelro] ==> ignore
    arg [-znow] ==> ignore
    arg [--gc-sections] ==> ignore
    arg [CMakeFiles/cmTC_8e154.dir/CMakeCXXCompilerABI.cpp.o] ==> ignore
    arg [-Bstatic] ==> ignore
    arg [-lc++] ==> lib [c++]
    arg [-Bdynamic] ==> ignore
    arg [-lm] ==> lib [m]
    arg [-lgcc] ==> lib [gcc]
    arg [-lgcc] ==> lib [gcc]
    arg [-ldl] ==> lib [dl]
    arg [-lc] ==> lib [c]
    arg [-lgcc] ==> lib [gcc]
    arg [-lgcc] ==> lib [gcc]
    arg [-ldl] ==> lib [dl]
    arg [/home/mi/tools/android/android-ndk-r19c/toolchains/llvm/prebuilt/linux-x86_64/sysroot/usr/lib/aarch64-linux-android/23/crtend_android.o] ==> ignore
  collapse library dir [/home/mi/tools/android/android-ndk-r19c/toolchains/llvm/prebuilt/linux-x86_64/lib64/clang/8.0.2/lib/linux/aarch64] ==> [/home/mi/tools/android/android-ndk-r19c/toolchains/llvm/prebuilt/linux-x86_64/lib64/clang/8.0.2/lib/linux/aarch64]
  collapse library dir [/home/mi/tools/android/android-ndk-r19c/toolchains/llvm/prebuilt/linux-x86_64/lib/gcc/aarch64-linux-android/4.9.x] ==> [/home/mi/tools/android/android-ndk-r19c/toolchains/llvm/prebuilt/linux-x86_64/lib/gcc/aarch64-linux-android/4.9.x]
  collapse library dir [/home/mi/tools/android/android-ndk-r19c/toolchains/llvm/prebuilt/linux-x86_64/lib/gcc/aarch64-linux-android/4.9.x/../../../../aarch64-linux-android/lib/../lib64] ==> [/home/mi/tools/android/android-ndk-r19c/toolchains/llvm/prebuilt/linux-x86_64/aarch64-linux-android/lib64]
  collapse library dir [/home/mi/tools/android/android-ndk-r19c/toolchains/llvm/prebuilt/linux-x86_64/sysroot/usr/lib/aarch64-linux-android/23] ==> [/home/mi/tools/android/android-ndk-r19c/toolchains/llvm/prebuilt/linux-x86_64/sysroot/usr/lib/aarch64-linux-android/23]
  collapse library dir [/home/mi/tools/android/android-ndk-r19c/toolchains/llvm/prebuilt/linux-x86_64/sysroot/usr/lib/aarch64-linux-android] ==> [/home/mi/tools/android/android-ndk-r19c/toolchains/llvm/prebuilt/linux-x86_64/sysroot/usr/lib/aarch64-linux-android]
  collapse library dir [/home/mi/tools/android/android-ndk-r19c/toolchains/llvm/prebuilt/linux-x86_64/lib/gcc/aarch64-linux-android/4.9.x/../../../../aarch64-linux-android/lib] ==> [/home/mi/tools/android/android-ndk-r19c/toolchains/llvm/prebuilt/linux-x86_64/aarch64-linux-android/lib]
  collapse library dir [/home/mi/tools/android/android-ndk-r19c/toolchains/llvm/prebuilt/linux-x86_64/sysroot/usr/lib] ==> [/home/mi/tools/android/android-ndk-r19c/toolchains/llvm/prebuilt/linux-x86_64/sysroot/usr/lib]
  implicit libs: [c++;m;gcc;gcc;dl;c;gcc;gcc;dl]
  implicit dirs: [/home/mi/tools/android/android-ndk-r19c/toolchains/llvm/prebuilt/linux-x86_64/lib64/clang/8.0.2/lib/linux/aarch64;/home/mi/tools/android/android-ndk-r19c/toolchains/llvm/prebuilt/linux-x86_64/lib/gcc/aarch64-linux-android/4.9.x;/home/mi/tools/android/android-ndk-r19c/toolchains/llvm/prebuilt/linux-x86_64/aarch64-linux-android/lib64;/home/mi/tools/android/android-ndk-r19c/toolchains/llvm/prebuilt/linux-x86_64/sysroot/usr/lib/aarch64-linux-android/23;/home/mi/tools/android/android-ndk-r19c/toolchains/llvm/prebuilt/linux-x86_64/sysroot/usr/lib/aarch64-linux-android;/home/mi/tools/android/android-ndk-r19c/toolchains/llvm/prebuilt/linux-x86_64/aarch64-linux-android/lib;/home/mi/tools/android/android-ndk-r19c/toolchains/llvm/prebuilt/linux-x86_64/sysroot/usr/lib]
  implicit fwks: []




Detecting CXX [-std=c++2a] compiler features compiled with the following output:
Change Dir: /home/mi/workspaces/guide/NeonGaussian/build_android/CMakeFiles/CMakeTmp

Run Build Command:"/usr/bin/make" "cmTC_36385/fast"
/usr/bin/make -f CMakeFiles/cmTC_36385.dir/build.make CMakeFiles/cmTC_36385.dir/build
make[1]: Entering directory '/home/mi/workspaces/guide/NeonGaussian/build_android/CMakeFiles/CMakeTmp'
Building CXX object CMakeFiles/cmTC_36385.dir/feature_tests.cxx.o
/home/mi/tools/android/android-ndk-r19c/toolchains/llvm/prebuilt/linux-x86_64/bin/clang++ --target=aarch64-none-linux-android23 --gcc-toolchain=/home/mi/tools/android/android-ndk-r19c/toolchains/llvm/prebuilt/linux-x86_64 --sysroot=/home/mi/tools/android/android-ndk-r19c/toolchains/llvm/prebuilt/linux-x86_64/sysroot    -g -DANDROID -fdata-sections -ffunction-sections -funwind-tables -fstack-protector-strong -no-canonical-prefixes -fno-addrsig -Wa,--noexecstack -Wformat -Werror=format-security -stdlib=libc++   -fPIE   -std=c++2a -o CMakeFiles/cmTC_36385.dir/feature_tests.cxx.o -c /home/mi/workspaces/guide/NeonGaussian/build_android/CMakeFiles/feature_tests.cxx
Linking CXX executable cmTC_36385
/home/mi/tools/cmake-3.12.2-Linux-x86_64/bin/cmake -E cmake_link_script CMakeFiles/cmTC_36385.dir/link.txt --verbose=1
/home/mi/tools/android/android-ndk-r19c/toolchains/llvm/prebuilt/linux-x86_64/bin/clang++ --target=aarch64-none-linux-android23 --gcc-toolchain=/home/mi/tools/android/android-ndk-r19c/toolchains/llvm/prebuilt/linux-x86_64 --sysroot=/home/mi/tools/android/android-ndk-r19c/toolchains/llvm/prebuilt/linux-x86_64/sysroot  -g -DANDROID -fdata-sections -ffunction-sections -funwind-tables -fstack-protector-strong -no-canonical-prefixes -fno-addrsig -Wa,--noexecstack -Wformat -Werror=format-security -stdlib=libc++    -Wl,--exclude-libs,libgcc.a -Wl,--exclude-libs,libatomic.a -static-libstdc++ -Wl,--build-id -Wl,--warn-shared-textrel -Wl,--fatal-warnings -Wl,--no-undefined -Qunused-arguments -Wl,-z,noexecstack -Wl,-z,relro -Wl,-z,now -Wl,--gc-sections   CMakeFiles/cmTC_36385.dir/feature_tests.cxx.o  -o cmTC_36385 -latomic -lm 
make[1]: Leaving directory '/home/mi/workspaces/guide/NeonGaussian/build_android/CMakeFiles/CMakeTmp'


    Feature record: CXX_FEATURE:1cxx_aggregate_default_initializers
    Feature record: CXX_FEATURE:1cxx_alias_templates
    Feature record: CXX_FEATURE:1cxx_alignas
    Feature record: CXX_FEATURE:1cxx_alignof
    Feature record: CXX_FEATURE:1cxx_attributes
    Feature record: CXX_FEATURE:1cxx_attribute_deprecated
    Feature record: CXX_FEATURE:1cxx_auto_type
    Feature record: CXX_FEATURE:1cxx_binary_literals
    Feature record: CXX_FEATURE:1cxx_constexpr
    Feature record: CXX_FEATURE:1cxx_contextual_conversions
    Feature record: CXX_FEATURE:1cxx_decltype
    Feature record: CXX_FEATURE:1cxx_decltype_auto
    Feature record: CXX_FEATURE:1cxx_decltype_incomplete_return_types
    Feature record: CXX_FEATURE:1cxx_default_function_template_args
    Feature record: CXX_FEATURE:1cxx_defaulted_functions
    Feature record: CXX_FEATURE:1cxx_defaulted_move_initializers
    Feature record: CXX_FEATURE:1cxx_delegating_constructors
    Feature record: CXX_FEATURE:1cxx_deleted_functions
    Feature record: CXX_FEATURE:1cxx_digit_separators
    Feature record: CXX_FEATURE:1cxx_enum_forward_declarations
    Feature record: CXX_FEATURE:1cxx_explicit_conversions
    Feature record: CXX_FEATURE:1cxx_extended_friend_declarations
    Feature record: CXX_FEATURE:1cxx_extern_templates
    Feature record: CXX_FEATURE:1cxx_final
    Feature record: CXX_FEATURE:1cxx_func_identifier
    Feature record: CXX_FEATURE:1cxx_generalized_initializers
    Feature record: CXX_FEATURE:1cxx_generic_lambdas
    Feature record: CXX_FEATURE:1cxx_inheriting_constructors
    Feature record: CXX_FEATURE:1cxx_inline_namespaces
    Feature record: CXX_FEATURE:1cxx_lambdas
    Feature record: CXX_FEATURE:1cxx_lambda_init_captures
    Feature record: CXX_FEATURE:1cxx_local_type_template_args
    Feature record: CXX_FEATURE:1cxx_long_long_type
    Feature record: CXX_FEATURE:1cxx_noexcept
    Feature record: CXX_FEATURE:1cxx_nonstatic_member_init
    Feature record: CXX_FEATURE:1cxx_nullptr
    Feature record: CXX_FEATURE:1cxx_override
    Feature record: CXX_FEATURE:1cxx_range_for
    Feature record: CXX_FEATURE:1cxx_raw_string_literals
    Feature record: CXX_FEATURE:1cxx_reference_qualified_functions
    Feature record: CXX_FEATURE:1cxx_relaxed_constexpr
    Feature record: CXX_FEATURE:1cxx_return_type_deduction
    Feature record: CXX_FEATURE:1cxx_right_angle_brackets
    Feature record: CXX_FEATURE:1cxx_rvalue_references
    Feature record: CXX_FEATURE:1cxx_sizeof_member
    Feature record: CXX_FEATURE:1cxx_static_assert
    Feature record: CXX_FEATURE:1cxx_strong_enums
    Feature record: CXX_FEATURE:1cxx_template_template_parameters
    Feature record: CXX_FEATURE:1cxx_thread_local
    Feature record: CXX_FEATURE:1cxx_trailing_return_types
    Feature record: CXX_FEATURE:1cxx_unicode_literals
    Feature record: CXX_FEATURE:1cxx_uniform_initialization
    Feature record: CXX_FEATURE:1cxx_unrestricted_unions
    Feature record: CXX_FEATURE:1cxx_user_literals
    Feature record: CXX_FEATURE:1cxx_variable_templates
    Feature record: CXX_FEATURE:1cxx_variadic_macros
    Feature record: CXX_FEATURE:1cxx_variadic_templates


Detecting CXX [-std=c++17] compiler features compiled with the following output:
Change Dir: /home/mi/workspaces/guide/NeonGaussian/build_android/CMakeFiles/CMakeTmp

Run Build Command:"/usr/bin/make" "cmTC_af76f/fast"
/usr/bin/make -f CMakeFiles/cmTC_af76f.dir/build.make CMakeFiles/cmTC_af76f.dir/build
make[1]: Entering directory '/home/mi/workspaces/guide/NeonGaussian/build_android/CMakeFiles/CMakeTmp'
Building CXX object CMakeFiles/cmTC_af76f.dir/feature_tests.cxx.o
/home/mi/tools/android/android-ndk-r19c/toolchains/llvm/prebuilt/linux-x86_64/bin/clang++ --target=aarch64-none-linux-android23 --gcc-toolchain=/home/mi/tools/android/android-ndk-r19c/toolchains/llvm/prebuilt/linux-x86_64 --sysroot=/home/mi/tools/android/android-ndk-r19c/toolchains/llvm/prebuilt/linux-x86_64/sysroot    -g -DANDROID -fdata-sections -ffunction-sections -funwind-tables -fstack-protector-strong -no-canonical-prefixes -fno-addrsig -Wa,--noexecstack -Wformat -Werror=format-security -stdlib=libc++   -fPIE   -std=c++17 -o CMakeFiles/cmTC_af76f.dir/feature_tests.cxx.o -c /home/mi/workspaces/guide/NeonGaussian/build_android/CMakeFiles/feature_tests.cxx
Linking CXX executable cmTC_af76f
/home/mi/tools/cmake-3.12.2-Linux-x86_64/bin/cmake -E cmake_link_script CMakeFiles/cmTC_af76f.dir/link.txt --verbose=1
/home/mi/tools/android/android-ndk-r19c/toolchains/llvm/prebuilt/linux-x86_64/bin/clang++ --target=aarch64-none-linux-android23 --gcc-toolchain=/home/mi/tools/android/android-ndk-r19c/toolchains/llvm/prebuilt/linux-x86_64 --sysroot=/home/mi/tools/android/android-ndk-r19c/toolchains/llvm/prebuilt/linux-x86_64/sysroot  -g -DANDROID -fdata-sections -ffunction-sections -funwind-tables -fstack-protector-strong -no-canonical-prefixes -fno-addrsig -Wa,--noexecstack -Wformat -Werror=format-security -stdlib=libc++    -Wl,--exclude-libs,libgcc.a -Wl,--exclude-libs,libatomic.a -static-libstdc++ -Wl,--build-id -Wl,--warn-shared-textrel -Wl,--fatal-warnings -Wl,--no-undefined -Qunused-arguments -Wl,-z,noexecstack -Wl,-z,relro -Wl,-z,now -Wl,--gc-sections   CMakeFiles/cmTC_af76f.dir/feature_tests.cxx.o  -o cmTC_af76f -latomic -lm 
make[1]: Leaving directory '/home/mi/workspaces/guide/NeonGaussian/build_android/CMakeFiles/CMakeTmp'


    Feature record: CXX_FEATURE:1cxx_aggregate_default_initializers
    Feature record: CXX_FEATURE:1cxx_alias_templates
    Feature record: CXX_FEATURE:1cxx_alignas
    Feature record: CXX_FEATURE:1cxx_alignof
    Feature record: CXX_FEATURE:1cxx_attributes
    Feature record: CXX_FEATURE:1cxx_attribute_deprecated
    Feature record: CXX_FEATURE:1cxx_auto_type
    Feature record: CXX_FEATURE:1cxx_binary_literals
    Feature record: CXX_FEATURE:1cxx_constexpr
    Feature record: CXX_FEATURE:1cxx_contextual_conversions
    Feature record: CXX_FEATURE:1cxx_decltype
    Feature record: CXX_FEATURE:1cxx_decltype_auto
    Feature record: CXX_FEATURE:1cxx_decltype_incomplete_return_types
    Feature record: CXX_FEATURE:1cxx_default_function_template_args
    Feature record: CXX_FEATURE:1cxx_defaulted_functions
    Feature record: CXX_FEATURE:1cxx_defaulted_move_initializers
    Feature record: CXX_FEATURE:1cxx_delegating_constructors
    Feature record: CXX_FEATURE:1cxx_deleted_functions
    Feature record: CXX_FEATURE:1cxx_digit_separators
    Feature record: CXX_FEATURE:1cxx_enum_forward_declarations
    Feature record: CXX_FEATURE:1cxx_explicit_conversions
    Feature record: CXX_FEATURE:1cxx_extended_friend_declarations
    Feature record: CXX_FEATURE:1cxx_extern_templates
    Feature record: CXX_FEATURE:1cxx_final
    Feature record: CXX_FEATURE:1cxx_func_identifier
    Feature record: CXX_FEATURE:1cxx_generalized_initializers
    Feature record: CXX_FEATURE:1cxx_generic_lambdas
    Feature record: CXX_FEATURE:1cxx_inheriting_constructors
    Feature record: CXX_FEATURE:1cxx_inline_namespaces
    Feature record: CXX_FEATURE:1cxx_lambdas
    Feature record: CXX_FEATURE:1cxx_lambda_init_captures
    Feature record: CXX_FEATURE:1cxx_local_type_template_args
    Feature record: CXX_FEATURE:1cxx_long_long_type
    Feature record: CXX_FEATURE:1cxx_noexcept
    Feature record: CXX_FEATURE:1cxx_nonstatic_member_init
    Feature record: CXX_FEATURE:1cxx_nullptr
    Feature record: CXX_FEATURE:1cxx_override
    Feature record: CXX_FEATURE:1cxx_range_for
    Feature record: CXX_FEATURE:1cxx_raw_string_literals
    Feature record: CXX_FEATURE:1cxx_reference_qualified_functions
    Feature record: CXX_FEATURE:1cxx_relaxed_constexpr
    Feature record: CXX_FEATURE:1cxx_return_type_deduction
    Feature record: CXX_FEATURE:1cxx_right_angle_brackets
    Feature record: CXX_FEATURE:1cxx_rvalue_references
    Feature record: CXX_FEATURE:1cxx_sizeof_member
    Feature record: CXX_FEATURE:1cxx_static_assert
    Feature record: CXX_FEATURE:1cxx_strong_enums
    Feature record: CXX_FEATURE:1cxx_template_template_parameters
    Feature record: CXX_FEATURE:1cxx_thread_local
    Feature record: CXX_FEATURE:1cxx_trailing_return_types
    Feature record: CXX_FEATURE:1cxx_unicode_literals
    Feature record: CXX_FEATURE:1cxx_uniform_initialization
    Feature record: CXX_FEATURE:1cxx_unrestricted_unions
    Feature record: CXX_FEATURE:1cxx_user_literals
    Feature record: CXX_FEATURE:1cxx_variable_templates
    Feature record: CXX_FEATURE:1cxx_variadic_macros
    Feature record: CXX_FEATURE:1cxx_variadic_templates


Detecting CXX [-std=c++14] compiler features compiled with the following output:
Change Dir: /home/mi/workspaces/guide/NeonGaussian/build_android/CMakeFiles/CMakeTmp

Run Build Command:"/usr/bin/make" "cmTC_3e01b/fast"
/usr/bin/make -f CMakeFiles/cmTC_3e01b.dir/build.make CMakeFiles/cmTC_3e01b.dir/build
make[1]: Entering directory '/home/mi/workspaces/guide/NeonGaussian/build_android/CMakeFiles/CMakeTmp'
Building CXX object CMakeFiles/cmTC_3e01b.dir/feature_tests.cxx.o
/home/mi/tools/android/android-ndk-r19c/toolchains/llvm/prebuilt/linux-x86_64/bin/clang++ --target=aarch64-none-linux-android23 --gcc-toolchain=/home/mi/tools/android/android-ndk-r19c/toolchains/llvm/prebuilt/linux-x86_64 --sysroot=/home/mi/tools/android/android-ndk-r19c/toolchains/llvm/prebuilt/linux-x86_64/sysroot    -g -DANDROID -fdata-sections -ffunction-sections -funwind-tables -fstack-protector-strong -no-canonical-prefixes -fno-addrsig -Wa,--noexecstack -Wformat -Werror=format-security -stdlib=libc++   -fPIE   -std=c++14 -o CMakeFiles/cmTC_3e01b.dir/feature_tests.cxx.o -c /home/mi/workspaces/guide/NeonGaussian/build_android/CMakeFiles/feature_tests.cxx
Linking CXX executable cmTC_3e01b
/home/mi/tools/cmake-3.12.2-Linux-x86_64/bin/cmake -E cmake_link_script CMakeFiles/cmTC_3e01b.dir/link.txt --verbose=1
/home/mi/tools/android/android-ndk-r19c/toolchains/llvm/prebuilt/linux-x86_64/bin/clang++ --target=aarch64-none-linux-android23 --gcc-toolchain=/home/mi/tools/android/android-ndk-r19c/toolchains/llvm/prebuilt/linux-x86_64 --sysroot=/home/mi/tools/android/android-ndk-r19c/toolchains/llvm/prebuilt/linux-x86_64/sysroot  -g -DANDROID -fdata-sections -ffunction-sections -funwind-tables -fstack-protector-strong -no-canonical-prefixes -fno-addrsig -Wa,--noexecstack -Wformat -Werror=format-security -stdlib=libc++    -Wl,--exclude-libs,libgcc.a -Wl,--exclude-libs,libatomic.a -static-libstdc++ -Wl,--build-id -Wl,--warn-shared-textrel -Wl,--fatal-warnings -Wl,--no-undefined -Qunused-arguments -Wl,-z,noexecstack -Wl,-z,relro -Wl,-z,now -Wl,--gc-sections   CMakeFiles/cmTC_3e01b.dir/feature_tests.cxx.o  -o cmTC_3e01b -latomic -lm 
make[1]: Leaving directory '/home/mi/workspaces/guide/NeonGaussian/build_android/CMakeFiles/CMakeTmp'


    Feature record: CXX_FEATURE:1cxx_aggregate_default_initializers
    Feature record: CXX_FEATURE:1cxx_alias_templates
    Feature record: CXX_FEATURE:1cxx_alignas
    Feature record: CXX_FEATURE:1cxx_alignof
    Feature record: CXX_FEATURE:1cxx_attributes
    Feature record: CXX_FEATURE:1cxx_attribute_deprecated
    Feature record: CXX_FEATURE:1cxx_auto_type
    Feature record: CXX_FEATURE:1cxx_binary_literals
    Feature record: CXX_FEATURE:1cxx_constexpr
    Feature record: CXX_FEATURE:1cxx_contextual_conversions
    Feature record: CXX_FEATURE:1cxx_decltype
    Feature record: CXX_FEATURE:1cxx_decltype_auto
    Feature record: CXX_FEATURE:1cxx_decltype_incomplete_return_types
    Feature record: CXX_FEATURE:1cxx_default_function_template_args
    Feature record: CXX_FEATURE:1cxx_defaulted_functions
    Feature record: CXX_FEATURE:1cxx_defaulted_move_initializers
    Feature record: CXX_FEATURE:1cxx_delegating_constructors
    Feature record: CXX_FEATURE:1cxx_deleted_functions
    Feature record: CXX_FEATURE:1cxx_digit_separators
    Feature record: CXX_FEATURE:1cxx_enum_forward_declarations
    Feature record: CXX_FEATURE:1cxx_explicit_conversions
    Feature record: CXX_FEATURE:1cxx_extended_friend_declarations
    Feature record: CXX_FEATURE:1cxx_extern_templates
    Feature record: CXX_FEATURE:1cxx_final
    Feature record: CXX_FEATURE:1cxx_func_identifier
    Feature record: CXX_FEATURE:1cxx_generalized_initializers
    Feature record: CXX_FEATURE:1cxx_generic_lambdas
    Feature record: CXX_FEATURE:1cxx_inheriting_constructors
    Feature record: CXX_FEATURE:1cxx_inline_namespaces
    Feature record: CXX_FEATURE:1cxx_lambdas
    Feature record: CXX_FEATURE:1cxx_lambda_init_captures
    Feature record: CXX_FEATURE:1cxx_local_type_template_args
    Feature record: CXX_FEATURE:1cxx_long_long_type
    Feature record: CXX_FEATURE:1cxx_noexcept
    Feature record: CXX_FEATURE:1cxx_nonstatic_member_init
    Feature record: CXX_FEATURE:1cxx_nullptr
    Feature record: CXX_FEATURE:1cxx_override
    Feature record: CXX_FEATURE:1cxx_range_for
    Feature record: CXX_FEATURE:1cxx_raw_string_literals
    Feature record: CXX_FEATURE:1cxx_reference_qualified_functions
    Feature record: CXX_FEATURE:1cxx_relaxed_constexpr
    Feature record: CXX_FEATURE:1cxx_return_type_deduction
    Feature record: CXX_FEATURE:1cxx_right_angle_brackets
    Feature record: CXX_FEATURE:1cxx_rvalue_references
    Feature record: CXX_FEATURE:1cxx_sizeof_member
    Feature record: CXX_FEATURE:1cxx_static_assert
    Feature record: CXX_FEATURE:1cxx_strong_enums
    Feature record: CXX_FEATURE:1cxx_template_template_parameters
    Feature record: CXX_FEATURE:1cxx_thread_local
    Feature record: CXX_FEATURE:1cxx_trailing_return_types
    Feature record: CXX_FEATURE:1cxx_unicode_literals
    Feature record: CXX_FEATURE:1cxx_uniform_initialization
    Feature record: CXX_FEATURE:1cxx_unrestricted_unions
    Feature record: CXX_FEATURE:1cxx_user_literals
    Feature record: CXX_FEATURE:1cxx_variable_templates
    Feature record: CXX_FEATURE:1cxx_variadic_macros
    Feature record: CXX_FEATURE:1cxx_variadic_templates


Detecting CXX [-std=c++11] compiler features compiled with the following output:
Change Dir: /home/mi/workspaces/guide/NeonGaussian/build_android/CMakeFiles/CMakeTmp

Run Build Command:"/usr/bin/make" "cmTC_297da/fast"
/usr/bin/make -f CMakeFiles/cmTC_297da.dir/build.make CMakeFiles/cmTC_297da.dir/build
make[1]: Entering directory '/home/mi/workspaces/guide/NeonGaussian/build_android/CMakeFiles/CMakeTmp'
Building CXX object CMakeFiles/cmTC_297da.dir/feature_tests.cxx.o
/home/mi/tools/android/android-ndk-r19c/toolchains/llvm/prebuilt/linux-x86_64/bin/clang++ --target=aarch64-none-linux-android23 --gcc-toolchain=/home/mi/tools/android/android-ndk-r19c/toolchains/llvm/prebuilt/linux-x86_64 --sysroot=/home/mi/tools/android/android-ndk-r19c/toolchains/llvm/prebuilt/linux-x86_64/sysroot    -g -DANDROID -fdata-sections -ffunction-sections -funwind-tables -fstack-protector-strong -no-canonical-prefixes -fno-addrsig -Wa,--noexecstack -Wformat -Werror=format-security -stdlib=libc++   -fPIE   -std=c++11 -o CMakeFiles/cmTC_297da.dir/feature_tests.cxx.o -c /home/mi/workspaces/guide/NeonGaussian/build_android/CMakeFiles/feature_tests.cxx
Linking CXX executable cmTC_297da
/home/mi/tools/cmake-3.12.2-Linux-x86_64/bin/cmake -E cmake_link_script CMakeFiles/cmTC_297da.dir/link.txt --verbose=1
/home/mi/tools/android/android-ndk-r19c/toolchains/llvm/prebuilt/linux-x86_64/bin/clang++ --target=aarch64-none-linux-android23 --gcc-toolchain=/home/mi/tools/android/android-ndk-r19c/toolchains/llvm/prebuilt/linux-x86_64 --sysroot=/home/mi/tools/android/android-ndk-r19c/toolchains/llvm/prebuilt/linux-x86_64/sysroot  -g -DANDROID -fdata-sections -ffunction-sections -funwind-tables -fstack-protector-strong -no-canonical-prefixes -fno-addrsig -Wa,--noexecstack -Wformat -Werror=format-security -stdlib=libc++    -Wl,--exclude-libs,libgcc.a -Wl,--exclude-libs,libatomic.a -static-libstdc++ -Wl,--build-id -Wl,--warn-shared-textrel -Wl,--fatal-warnings -Wl,--no-undefined -Qunused-arguments -Wl,-z,noexecstack -Wl,-z,relro -Wl,-z,now -Wl,--gc-sections   CMakeFiles/cmTC_297da.dir/feature_tests.cxx.o  -o cmTC_297da -latomic -lm 
make[1]: Leaving directory '/home/mi/workspaces/guide/NeonGaussian/build_android/CMakeFiles/CMakeTmp'


    Feature record: CXX_FEATURE:0cxx_aggregate_default_initializers
    Feature record: CXX_FEATURE:1cxx_alias_templates
    Feature record: CXX_FEATURE:1cxx_alignas
    Feature record: CXX_FEATURE:1cxx_alignof
    Feature record: CXX_FEATURE:1cxx_attributes
    Feature record: CXX_FEATURE:0cxx_attribute_deprecated
    Feature record: CXX_FEATURE:1cxx_auto_type
    Feature record: CXX_FEATURE:0cxx_binary_literals
    Feature record: CXX_FEATURE:1cxx_constexpr
    Feature record: CXX_FEATURE:0cxx_contextual_conversions
    Feature record: CXX_FEATURE:1cxx_decltype
    Feature record: CXX_FEATURE:0cxx_decltype_auto
    Feature record: CXX_FEATURE:1cxx_decltype_incomplete_return_types
    Feature record: CXX_FEATURE:1cxx_default_function_template_args
    Feature record: CXX_FEATURE:1cxx_defaulted_functions
    Feature record: CXX_FEATURE:1cxx_defaulted_move_initializers
    Feature record: CXX_FEATURE:1cxx_delegating_constructors
    Feature record: CXX_FEATURE:1cxx_deleted_functions
    Feature record: CXX_FEATURE:0cxx_digit_separators
    Feature record: CXX_FEATURE:1cxx_enum_forward_declarations
    Feature record: CXX_FEATURE:1cxx_explicit_conversions
    Feature record: CXX_FEATURE:1cxx_extended_friend_declarations
    Feature record: CXX_FEATURE:1cxx_extern_templates
    Feature record: CXX_FEATURE:1cxx_final
    Feature record: CXX_FEATURE:1cxx_func_identifier
    Feature record: CXX_FEATURE:1cxx_generalized_initializers
    Feature record: CXX_FEATURE:0cxx_generic_lambdas
    Feature record: CXX_FEATURE:1cxx_inheriting_constructors
    Feature record: CXX_FEATURE:1cxx_inline_namespaces
    Feature record: CXX_FEATURE:1cxx_lambdas
    Feature record: CXX_FEATURE:0cxx_lambda_init_captures
    Feature record: CXX_FEATURE:1cxx_local_type_template_args
    Feature record: CXX_FEATURE:1cxx_long_long_type
    Feature record: CXX_FEATURE:1cxx_noexcept
    Feature record: CXX_FEATURE:1cxx_nonstatic_member_init
    Feature record: CXX_FEATURE:1cxx_nullptr
    Feature record: CXX_FEATURE:1cxx_override
    Feature record: CXX_FEATURE:1cxx_range_for
    Feature record: CXX_FEATURE:1cxx_raw_string_literals
    Feature record: CXX_FEATURE:1cxx_reference_qualified_functions
    Feature record: CXX_FEATURE:0cxx_relaxed_constexpr
    Feature record: CXX_FEATURE:0cxx_return_type_deduction
    Feature record: CXX_FEATURE:1cxx_right_angle_brackets
    Feature record: CXX_FEATURE:1cxx_rvalue_references
    Feature record: CXX_FEATURE:1cxx_sizeof_member
    Feature record: CXX_FEATURE:1cxx_static_assert
    Feature record: CXX_FEATURE:1cxx_strong_enums
    Feature record: CXX_FEATURE:1cxx_template_template_parameters
    Feature record: CXX_FEATURE:1cxx_thread_local
    Feature record: CXX_FEATURE:1cxx_trailing_return_types
    Feature record: CXX_FEATURE:1cxx_unicode_literals
    Feature record: CXX_FEATURE:1cxx_uniform_initialization
    Feature record: CXX_FEATURE:1cxx_unrestricted_unions
    Feature record: CXX_FEATURE:1cxx_user_literals
    Feature record: CXX_FEATURE:0cxx_variable_templates
    Feature record: CXX_FEATURE:1cxx_variadic_macros
    Feature record: CXX_FEATURE:1cxx_variadic_templates


Detecting CXX [-std=c++98] compiler features compiled with the following output:
Change Dir: /home/mi/workspaces/guide/NeonGaussian/build_android/CMakeFiles/CMakeTmp

Run Build Command:"/usr/bin/make" "cmTC_d58af/fast"
/usr/bin/make -f CMakeFiles/cmTC_d58af.dir/build.make CMakeFiles/cmTC_d58af.dir/build
make[1]: Entering directory '/home/mi/workspaces/guide/NeonGaussian/build_android/CMakeFiles/CMakeTmp'
Building CXX object CMakeFiles/cmTC_d58af.dir/feature_tests.cxx.o
/home/mi/tools/android/android-ndk-r19c/toolchains/llvm/prebuilt/linux-x86_64/bin/clang++ --target=aarch64-none-linux-android23 --gcc-toolchain=/home/mi/tools/android/android-ndk-r19c/toolchains/llvm/prebuilt/linux-x86_64 --sysroot=/home/mi/tools/android/android-ndk-r19c/toolchains/llvm/prebuilt/linux-x86_64/sysroot    -g -DANDROID -fdata-sections -ffunction-sections -funwind-tables -fstack-protector-strong -no-canonical-prefixes -fno-addrsig -Wa,--noexecstack -Wformat -Werror=format-security -stdlib=libc++   -fPIE   -std=c++98 -o CMakeFiles/cmTC_d58af.dir/feature_tests.cxx.o -c /home/mi/workspaces/guide/NeonGaussian/build_android/CMakeFiles/feature_tests.cxx
Linking CXX executable cmTC_d58af
/home/mi/tools/cmake-3.12.2-Linux-x86_64/bin/cmake -E cmake_link_script CMakeFiles/cmTC_d58af.dir/link.txt --verbose=1
/home/mi/tools/android/android-ndk-r19c/toolchains/llvm/prebuilt/linux-x86_64/bin/clang++ --target=aarch64-none-linux-android23 --gcc-toolchain=/home/mi/tools/android/android-ndk-r19c/toolchains/llvm/prebuilt/linux-x86_64 --sysroot=/home/mi/tools/android/android-ndk-r19c/toolchains/llvm/prebuilt/linux-x86_64/sysroot  -g -DANDROID -fdata-sections -ffunction-sections -funwind-tables -fstack-protector-strong -no-canonical-prefixes -fno-addrsig -Wa,--noexecstack -Wformat -Werror=format-security -stdlib=libc++    -Wl,--exclude-libs,libgcc.a -Wl,--exclude-libs,libatomic.a -static-libstdc++ -Wl,--build-id -Wl,--warn-shared-textrel -Wl,--fatal-warnings -Wl,--no-undefined -Qunused-arguments -Wl,-z,noexecstack -Wl,-z,relro -Wl,-z,now -Wl,--gc-sections   CMakeFiles/cmTC_d58af.dir/feature_tests.cxx.o  -o cmTC_d58af -latomic -lm 
make[1]: Leaving directory '/home/mi/workspaces/guide/NeonGaussian/build_android/CMakeFiles/CMakeTmp'


    Feature record: CXX_FEATURE:0cxx_aggregate_default_initializers
    Feature record: CXX_FEATURE:0cxx_alias_templates
    Feature record: CXX_FEATURE:0cxx_alignas
    Feature record: CXX_FEATURE:0cxx_alignof
    Feature record: CXX_FEATURE:0cxx_attributes
    Feature record: CXX_FEATURE:0cxx_attribute_deprecated
    Feature record: CXX_FEATURE:0cxx_auto_type
    Feature record: CXX_FEATURE:0cxx_binary_literals
    Feature record: CXX_FEATURE:0cxx_constexpr
    Feature record: CXX_FEATURE:0cxx_contextual_conversions
    Feature record: CXX_FEATURE:0cxx_decltype
    Feature record: CXX_FEATURE:0cxx_decltype_auto
    Feature record: CXX_FEATURE:0cxx_decltype_incomplete_return_types
    Feature record: CXX_FEATURE:0cxx_default_function_template_args
    Feature record: CXX_FEATURE:0cxx_defaulted_functions
    Feature record: CXX_FEATURE:0cxx_defaulted_move_initializers
    Feature record: CXX_FEATURE:0cxx_delegating_constructors
    Feature record: CXX_FEATURE:0cxx_deleted_functions
    Feature record: CXX_FEATURE:0cxx_digit_separators
    Feature record: CXX_FEATURE:0cxx_enum_forward_declarations
    Feature record: CXX_FEATURE:0cxx_explicit_conversions
    Feature record: CXX_FEATURE:0cxx_extended_friend_declarations
    Feature record: CXX_FEATURE:0cxx_extern_templates
    Feature record: CXX_FEATURE:0cxx_final
    Feature record: CXX_FEATURE:0cxx_func_identifier
    Feature record: CXX_FEATURE:0cxx_generalized_initializers
    Feature record: CXX_FEATURE:0cxx_generic_lambdas
    Feature record: CXX_FEATURE:0cxx_inheriting_constructors
    Feature record: CXX_FEATURE:0cxx_inline_namespaces
    Feature record: CXX_FEATURE:0cxx_lambdas
    Feature record: CXX_FEATURE:0cxx_lambda_init_captures
    Feature record: CXX_FEATURE:0cxx_local_type_template_args
    Feature record: CXX_FEATURE:0cxx_long_long_type
    Feature record: CXX_FEATURE:0cxx_noexcept
    Feature record: CXX_FEATURE:0cxx_nonstatic_member_init
    Feature record: CXX_FEATURE:0cxx_nullptr
    Feature record: CXX_FEATURE:0cxx_override
    Feature record: CXX_FEATURE:0cxx_range_for
    Feature record: CXX_FEATURE:0cxx_raw_string_literals
    Feature record: CXX_FEATURE:0cxx_reference_qualified_functions
    Feature record: CXX_FEATURE:0cxx_relaxed_constexpr
    Feature record: CXX_FEATURE:0cxx_return_type_deduction
    Feature record: CXX_FEATURE:0cxx_right_angle_brackets
    Feature record: CXX_FEATURE:0cxx_rvalue_references
    Feature record: CXX_FEATURE:0cxx_sizeof_member
    Feature record: CXX_FEATURE:0cxx_static_assert
    Feature record: CXX_FEATURE:0cxx_strong_enums
    Feature record: CXX_FEATURE:1cxx_template_template_parameters
    Feature record: CXX_FEATURE:0cxx_thread_local
    Feature record: CXX_FEATURE:0cxx_trailing_return_types
    Feature record: CXX_FEATURE:0cxx_unicode_literals
    Feature record: CXX_FEATURE:0cxx_uniform_initialization
    Feature record: CXX_FEATURE:0cxx_unrestricted_unions
    Feature record: CXX_FEATURE:0cxx_user_literals
    Feature record: CXX_FEATURE:0cxx_variable_templates
    Feature record: CXX_FEATURE:0cxx_variadic_macros
    Feature record: CXX_FEATURE:0cxx_variadic_templates
